<?xml version="1.0" encoding="UTF-8"?>
<testsuite name="com.kirafintech.ledger.FeeCalculatorTest" tests="3" skipped="0" failures="0" errors="0" timestamp="2026-06-18T01:42:39.310Z" hostname="juanch" time="0.025">
  <properties/>
  <testcase name="northwindFlow_5000Usdc()" classname="com.kirafintech.ledger.FeeCalculatorTest" time="0.023"/>
  <testcase name="bpsTruncation_roundsToClientsAdvantage()" classname="com.kirafintech.ledger.FeeCalculatorTest" time="0.0"/>
  <testcase name="zeroFees_whenAmountTooSmall()" classname="com.kirafintech.ledger.FeeCalculatorTest" time="0.0"/>
  <system-out><![CDATA[]]></system-out>
  <system-err><![CDATA[]]></system-err>
</testsuite>
